<?xml version="1.0" encoding="UTF-8"?>
<testsuite xmlns:xsi="http://www.w3.org/2001/XMLSchema-instance" xsi:noNamespaceSchemaLocation="https://maven.apache.org/surefire/maven-surefire-plugin/xsd/surefire-test-report-3.0.xsd" version="3.0" name="com.examly.springapp.SpringappFoodTruckVendorTests" time="5.986" tests="21" errors="0" skipped="0" failures="4">
  <properties>
[...]
</properties>
  <testcase name="controller_test_Controller_Directory_Exists" classname="com.examly.springapp.SpringappFoodTruckVendorTests" time="0.229">
    <system-out><![CDATA[06:36:05.796 [main] DEBUG org.springframework.boot.test.context.SpringBootTestContextBootstrapper - Neither @ContextConfiguration nor @ContextHierarchy found for test class [SpringappFoodTruckVendorTests]: using SpringBootContextLoader
06:36:05.799 [main] DEBUG org.springframework.test.context.support.AbstractContextLoader - Could not detect default resource locations for test class [com.examly.springapp.SpringappFoodTruckVendorTests]: no resource found for suffixes {-context.xml, Context.groovy}.
06:36:05.824 [main] DEBUG org.springframework.boot.test.context.SpringBootTestContextBootstrapper - Using ContextCustomizers for test class [SpringappFoodTruckVendorTests]: [ImportsContextCustomizer, ExcludeFilterContextCustomizer, DuplicateJsonObjectContextCustomizer, MockitoContextCustomizer, TestRestTemplateContextCustomizer, DisableObservabilityContextCustomizer, PropertyMappingContextCustomizer, Customizer]
06:36:05.919 [main] DEBUG org.springframework.boot.test.context.SpringBootTestContextBootstrapper - Using TestExecutionListeners for test class [SpringappFoodTruckVendorTests]: [ServletTestExecutionListener, DirtiesContextBeforeModesTestExecutionListener, ApplicationEventsTestExecutionListener, MockitoTestExecutionListener, DependencyInjectionTestExecutionListener, DirtiesContextTestExecutionListener, TransactionalTestExecutionListener, SqlScriptsTestExecutionListener, EventPublishingTestExecutionListener, ResetMocksTestExecutionListener, RestDocsTestExecutionListener, MockRestServiceServerResetTestExecutionListener, MockMvcPrintOnlyOnFailureTestExecutionListener, WebDriverTestExecutionListener, MockWebServiceServerTestExecutionListener]
06:36:05.920 [main] DEBUG org.springframework.test.context.support.AbstractDirtiesContextTestExecutionListener - Before test class: class [SpringappFoodTruckVendorTests], class annotated with @DirtiesContext [false] with mode [null]

  .   ____          _            __ _ _
 /\\ / ___'_ __ _ _(_)_ __  __ _ \ \ \ \
( ( )\___ | '_ | '_| | '_ \/ _` | \ \ \ \
 \\/  ___)| |_)| | | | | || (_| |  ) ) ) )
  '  |____| .__|_| |_|_| |_\__, | / / / /
 =========|_|==============|___/=/_/_/_/
 :: Spring Boot ::                (v3.0.1)

2025-08-18T06:36:06.190Z  INFO 11323 --- [           main] c.e.s.SpringappFoodTruckVendorTests      : Starting SpringappFoodTruckVendorTests using Java 17.0.15 with PID 11323 (started by coder in /home/coder/project/workspace/springapp)
2025-08-18T06:36:06.192Z  INFO 11323 --- [           main] c.e.s.SpringappFoodTruckVendorTests      : No active profile set, falling back to 1 default profile: "default"
2025-08-18T06:36:06.981Z  INFO 11323 --- [           main] .s.d.r.c.RepositoryConfigurationDelegate : Bootstrapping Spring Data JPA repositories in DEFAULT mode.
2025-08-18T06:36:07.047Z  INFO 11323 --- [           main] .s.d.r.c.RepositoryConfigurationDelegate : Finished Spring Data repository scanning in 60 ms. Found 7 JPA repository interfaces.
2025-08-18T06:36:07.525Z  INFO 11323 --- [           main] o.hibernate.jpa.internal.util.LogHelper  : HHH000204: Processing PersistenceUnitInfo [name: default]
2025-08-18T06:36:07.555Z  INFO 11323 --- [           main] org.hibernate.Version                    : HHH000412: Hibernate ORM core version 6.1.6.Final
2025-08-18T06:36:07.660Z  WARN 11323 --- [           main] org.hibernate.orm.deprecation            : HHH90000021: Encountered deprecated setting [javax.persistence.sharedCache.mode], use [jakarta.persistence.sharedCache.mode] instead
2025-08-18T06:36:07.741Z  INFO 11323 --- [           main] com.zaxxer.hikari.HikariDataSource       : HikariPool-1 - Starting...
2025-08-18T06:36:07.864Z  INFO 11323 --- [           main] com.zaxxer.hikari.pool.HikariPool        : HikariPool-1 - Added connection com.mysql.cj.jdbc.ConnectionImpl@20820df0
2025-08-18T06:36:07.866Z  INFO 11323 --- [           main] com.zaxxer.hikari.HikariDataSource       : HikariPool-1 - Start completed.
2025-08-18T06:36:07.878Z  INFO 11323 --- [           main] SQL dialect                              : HHH000400: Using dialect: org.hibernate.dialect.MySQL8Dialect
2025-08-18T06:36:07.879Z  WARN 11323 --- [           main] org.hibernate.orm.deprecation            : HHH90000026: MySQL8Dialect has been deprecated; use org.hibernate.dialect.MySQLDialect instead
2025-08-18T06:36:08.148Z  INFO 11323 --- [           main] o.h.c.beanvalidation.TypeSafeActivator   : Error calling `jakarta.validation.Validation#buildDefaultValidatorFactory`

jakarta.validation.NoProviderFoundException: Unable to create a Configuration, because no Jakarta Bean Validation provider could be found. Add a provider like Hibernate Validator (RI) to your classpath.
	at jakarta.validation.Validation$GenericBootstrapImpl.configure(Validation.java:291) ~[jakarta.validation-api-3.0.2.jar:na]
	at jakarta.validation.Validation.buildDefaultValidatorFactory(Validation.java:103) ~[jakarta.validation-api-3.0.2.jar:na]
	at org.hibernate.cfg.beanvalidation.TypeSafeActivator.getValidatorFactory(TypeSafeActivator.java:479) ~[hibernate-core-6.1.6.Final.jar:6.1.6.Final]
	at org.hibernate.cfg.beanvalidation.TypeSafeActivator.activate(TypeSafeActivator.java:82) ~[hibernate-core-6.1.6.Final.jar:6.1.6.Final]
	at java.base/jdk.internal.reflect.NativeMethodAccessorImpl.invoke0(Native Method) ~[na:na]
	at java.base/jdk.internal.reflect.NativeMethodAccessorImpl.invoke(NativeMethodAccessorImpl.java:77) ~[na:na]
	at java.base/jdk.internal.reflect.DelegatingMethodAccessorImpl.invoke(DelegatingMethodAccessorImpl.java:43) ~[na:na]
	at java.base/java.lang.reflect.Method.invoke(Method.java:569) ~[na:na]
	at org.hibernate.cfg.beanvalidation.BeanValidationIntegrator.integrate(BeanValidationIntegrator.java:137) ~[hibernate-core-6.1.6.Final.jar:6.1.6.Final]
	at org.hibernate.internal.SessionFactoryImpl.<init>(SessionFactoryImpl.java:287) ~[hibernate-core-6.1.6.Final.jar:6.1.6.Final]
	at org.hibernate.boot.internal.SessionFactoryBuilderImpl.build(SessionFactoryBuilderImpl.java:415) ~[hibernate-core-6.1.6.Final.jar:6.1.6.Final]
	at org.hibernate.jpa.boot.internal.EntityManagerFactoryBuilderImpl.build(EntityManagerFactoryBuilderImpl.java:1425) ~[hibernate-core-6.1.6.Final.jar:6.1.6.Final]
	at org.springframework.orm.jpa.vendor.SpringHibernateJpaPersistenceProvider.createContainerEntityManagerFactory(SpringHibernateJpaPersistenceProvider.java:66) ~[spring-orm-6.0.3.jar:6.0.3]
	at org.springframework.orm.jpa.LocalContainerEntityManagerFactoryBean.createNativeEntityManagerFactory(LocalContainerEntityManagerFactoryBean.java:376) ~[spring-orm-6.0.3.jar:6.0.3]
	at org.springframework.orm.jpa.AbstractEntityManagerFactoryBean.buildNativeEntityManagerFactory(AbstractEntityManagerFactoryBean.java:409) ~[spring-orm-6.0.3.jar:6.0.3]
	at org.springframework.orm.jpa.AbstractEntityManagerFactoryBean.afterPropertiesSet(AbstractEntityManagerFactoryBean.java:396) ~[spring-orm-6.0.3.jar:6.0.3]
	at org.springframework.orm.jpa.LocalContainerEntityManagerFactoryBean.afterPropertiesSet(LocalContainerEntityManagerFactoryBean.java:352) ~[spring-orm-6.0.3.jar:6.0.3]
	at org.springframework.beans.factory.support.AbstractAutowireCapableBeanFactory.invokeInitMethods(AbstractAutowireCapableBeanFactory.java:1797) ~[spring-beans-6.0.3.jar:6.0.3]
	at org.springframework.beans.factory.support.AbstractAutowireCapableBeanFactory.initializeBean(AbstractAutowireCapableBeanFactory.java:1747) ~[spring-beans-6.0.3.jar:6.0.3]
	at org.springframework.beans.factory.support.AbstractAutowireCapableBeanFactory.doCreateBean(AbstractAutowireCapableBeanFactory.java:599) ~[spring-beans-6.0.3.jar:6.0.3]
	at org.springframework.beans.factory.support.AbstractAutowireCapableBeanFactory.createBean(AbstractAutowireCapableBeanFactory.java:521) ~[spring-beans-6.0.3.jar:6.0.3]
	at org.springframework.beans.factory.support.AbstractBeanFactory.lambda$doGetBean$0(AbstractBeanFactory.java:326) ~[spring-beans-6.0.3.jar:6.0.3]
	at org.springframework.beans.factory.support.DefaultSingletonBeanRegistry.getSingleton(DefaultSingletonBeanRegistry.java:234) ~[spring-beans-6.0.3.jar:6.0.3]
	at org.springframework.beans.factory.support.AbstractBeanFactory.doGetBean(AbstractBeanFactory.java:324) ~[spring-beans-6.0.3.jar:6.0.3]
	at org.springframework.beans.factory.support.AbstractBeanFactory.getBean(AbstractBeanFactory.java:200) ~[spring-beans-6.0.3.jar:6.0.3]
	at org.springframework.context.support.AbstractApplicationContext.getBean(AbstractApplicationContext.java:1130) ~[spring-context-6.0.3.jar:6.0.3]
	at org.springframework.context.support.AbstractApplicationContext.finishBeanFactoryInitialization(AbstractApplicationContext.java:905) ~[spring-context-6.0.3.jar:6.0.3]
	at org.springframework.context.support.AbstractApplicationContext.refresh(AbstractApplicationContext.java:584) ~[spring-context-6.0.3.jar:6.0.3]
	at org.springframework.boot.SpringApplication.refresh(SpringApplication.java:730) ~[spring-boot-3.0.1.jar:3.0.1]
	at org.springframework.boot.SpringApplication.refreshContext(SpringApplication.java:432) ~[spring-boot-3.0.1.jar:3.0.1]
	at org.springframework.boot.SpringApplication.run(SpringApplication.java:308) ~[spring-boot-3.0.1.jar:3.0.1]
	at org.springframework.boot.test.context.SpringBootContextLoader.lambda$loadContext$3(SpringBootContextLoader.java:137) ~[spring-boot-test-3.0.1.jar:3.0.1]
	at org.springframework.util.function.ThrowingSupplier.get(ThrowingSupplier.java:59) ~[spring-core-6.0.3.jar:6.0.3]
	at org.springframework.util.function.ThrowingSupplier.get(ThrowingSupplier.java:47) ~[spring-core-6.0.3.jar:6.0.3]
	at org.springframework.boot.SpringApplication.withHook(SpringApplication.java:1386) ~[spring-boot-3.0.1.jar:3.0.1]
	at org.springframework.boot.test.context.SpringBootContextLoader$ContextLoaderHook.run(SpringBootContextLoader.java:543) ~[spring-boot-test-3.0.1.jar:3.0.1]
	at org.springframework.boot.test.context.SpringBootContextLoader.loadContext(SpringBootContextLoader.java:137) ~[spring-boot-test-3.0.1.jar:3.0.1]
	at org.springframework.boot.test.context.SpringBootContextLoader.loadContext(SpringBootContextLoader.java:108) ~[spring-boot-test-3.0.1.jar:3.0.1]
	at org.springframework.test.context.cache.DefaultCacheAwareContextLoaderDelegate.loadContextInternal(DefaultCacheAwareContextLoaderDelegate.java:184) ~[spring-test-6.0.3.jar:6.0.3]
	at org.springframework.test.context.cache.DefaultCacheAwareContextLoaderDelegate.loadContext(DefaultCacheAwareContextLoaderDelegate.java:118) ~[spring-test-6.0.3.jar:6.0.3]
	at org.springframework.test.context.support.DefaultTestContext.getApplicationContext(DefaultTestContext.java:127) ~[spring-test-6.0.3.jar:6.0.3]
	at org.springframework.test.context.web.ServletTestExecutionListener.setUpRequestContextIfNecessary(ServletTestExecutionListener.java:191) ~[spring-test-6.0.3.jar:6.0.3]
	at org.springframework.test.context.web.ServletTestExecutionListener.prepareTestInstance(ServletTestExecutionListener.java:130) ~[spring-test-6.0.3.jar:6.0.3]
	at org.springframework.test.context.TestContextManager.prepareTestInstance(TestContextManager.java:241) ~[spring-test-6.0.3.jar:6.0.3]
	at org.springframework.test.context.junit.jupiter.SpringExtension.postProcessTestInstance(SpringExtension.java:138) ~[spring-test-6.0.3.jar:6.0.3]
	at org.junit.jupiter.engine.descriptor.ClassBasedTestDescriptor.lambda$invokeTestInstancePostProcessors$10(ClassBasedTestDescriptor.java:377) ~[junit-jupiter-engine-5.9.1.jar:5.9.1]
	at org.junit.jupiter.engine.descriptor.ClassBasedTestDescriptor.executeAndMaskThrowable(ClassBasedTestDescriptor.java:382) ~[junit-jupiter-engine-5.9.1.jar:5.9.1]
	at org.junit.jupiter.engine.descriptor.ClassBasedTestDescriptor.lambda$invokeTestInstancePostProcessors$11(ClassBasedTestDescriptor.java:377) ~[junit-jupiter-engine-5.9.1.jar:5.9.1]
	at java.base/java.util.stream.ReferencePipeline$3$1.accept(ReferencePipeline.java:197) ~[na:na]
	at java.base/java.util.stream.ReferencePipeline$2$1.accept(ReferencePipeline.java:179) ~[na:na]
	at java.base/java.util.ArrayList$ArrayListSpliterator.forEachRemaining(ArrayList.java:1625) ~[na:na]
	at java.base/java.util.stream.AbstractPipeline.copyInto(AbstractPipeline.java:509) ~[na:na]
	at java.base/java.util.stream.AbstractPipeline.wrapAndCopyInto(AbstractPipeline.java:499) ~[na:na]
	at java.base/java.util.stream.StreamSpliterators$WrappingSpliterator.forEachRemaining(StreamSpliterators.java:310) ~[na:na]
	at java.base/java.util.stream.Streams$ConcatSpliterator.forEachRemaining(Streams.java:735) ~[na:na]
	at java.base/java.util.stream.Streams$ConcatSpliterator.forEachRemaining(Streams.java:734) ~[na:na]
	at java.base/java.util.stream.ReferencePipeline$Head.forEach(ReferencePipeline.java:762) ~[na:na]
	at org.junit.jupiter.engine.descriptor.ClassBasedTestDescriptor.invokeTestInstancePostProcessors(ClassBasedTestDescriptor.java:376) ~[junit-jupiter-engine-5.9.1.jar:5.9.1]
	at org.junit.jupiter.engine.descriptor.ClassBasedTestDescriptor.lambda$instantiateAndPostProcessTestInstance$6(ClassBasedTestDescriptor.java:289) ~[junit-jupiter-engine-5.9.1.jar:5.9.1]
	at org.junit.platform.engine.support.hierarchical.ThrowableCollector.execute(ThrowableCollector.java:73) ~[junit-platform-engine-1.9.1.jar:1.9.1]
	at org.junit.jupiter.engine.descriptor.ClassBasedTestDescriptor.instantiateAndPostProcessTestInstance(ClassBasedTestDescriptor.java:288) ~[junit-jupiter-engine-5.9.1.jar:5.9.1]
	at org.junit.jupiter.engine.descriptor.ClassBasedTestDescriptor.lambda$testInstancesProvider$4(ClassBasedTestDescriptor.java:278) ~[junit-jupiter-engine-5.9.1.jar:5.9.1]
	at java.base/java.util.Optional.orElseGet(Optional.java:364) ~[na:na]
	at org.junit.jupiter.engine.descriptor.ClassBasedTestDescriptor.lambda$testInstancesProvider$5(ClassBasedTestDescriptor.java:277) ~[junit-jupiter-engine-5.9.1.jar:5.9.1]
	at org.junit.jupiter.engine.execution.TestInstancesProvider.getTestInstances(TestInstancesProvider.java:31) ~[junit-jupiter-engine-5.9.1.jar:5.9.1]
	at org.junit.jupiter.engine.descriptor.TestMethodTestDescriptor.lambda$prepare$0(TestMethodTestDescriptor.java:105) ~[junit-jupiter-engine-5.9.1.jar:5.9.1]
	at org.junit.platform.engine.support.hierarchical.ThrowableCollector.execute(ThrowableCollector.java:73) ~[junit-platform-engine-1.9.1.jar:1.9.1]
	at org.junit.jupiter.engine.descriptor.TestMethodTestDescriptor.prepare(TestMethodTestDescriptor.java:104) ~[junit-jupiter-engine-5.9.1.jar:5.9.1]
	at org.junit.jupiter.engine.descriptor.TestMethodTestDescriptor.prepare(TestMethodTestDescriptor.java:68) ~[junit-jupiter-engine-5.9.1.jar:5.9.1]
	at org.junit.platform.engine.support.hierarchical.NodeTestTask.lambda$prepare$2(NodeTestTask.java:123) ~[junit-platform-engine-1.9.1.jar:1.9.1]
	at org.junit.platform.engine.support.hierarchical.ThrowableCollector.execute(ThrowableCollector.java:73) ~[junit-platform-engine-1.9.1.jar:1.9.1]
	at org.junit.platform.engine.support.hierarchical.NodeTestTask.prepare(NodeTestTask.java:123) ~[junit-platform-engine-1.9.1.jar:1.9.1]
	at org.junit.platform.engine.support.hierarchical.NodeTestTask.execute(NodeTestTask.java:90) ~[junit-platform-engine-1.9.1.jar:1.9.1]
	at java.base/java.util.ArrayList.forEach(ArrayList.java:1511) ~[na:na]
	at org.junit.platform.engine.support.hierarchical.SameThreadHierarchicalTestExecutorService.invokeAll(SameThreadHierarchicalTestExecutorService.java:41) ~[junit-platform-engine-1.9.1.jar:1.9.1]
	at org.junit.platform.engine.support.hierarchical.NodeTestTask.lambda$executeRecursively$6(NodeTestTask.java:155) ~[junit-platform-engine-1.9.1.jar:1.9.1]
	at org.junit.platform.engine.support.hierarchical.ThrowableCollector.execute(ThrowableCollector.java:73) ~[junit-platform-engine-1.9.1.jar:1.9.1]
	at org.junit.platform.engine.support.hierarchical.NodeTestTask.lambda$executeRecursively$8(NodeTestTask.java:141) ~[junit-platform-engine-1.9.1.jar:1.9.1]
	at org.junit.platform.engine.support.hierarchical.Node.around(Node.java:137) ~[junit-platform-engine-1.9.1.jar:1.9.1]
	at org.junit.platform.engine.support.hierarchical.NodeTestTask.lambda$executeRecursively$9(NodeTestTask.java:139) ~[junit-platform-engine-1.9.1.jar:1.9.1]
	at org.junit.platform.engine.support.hierarchical.ThrowableCollector.execute(ThrowableCollector.java:73) ~[junit-platform-engine-1.9.1.jar:1.9.1]
	at org.junit.platform.engine.support.hierarchical.NodeTestTask.executeRecursively(NodeTestTask.java:138) ~[junit-platform-engine-1.9.1.jar:1.9.1]
	at org.junit.platform.engine.support.hierarchical.NodeTestTask.execute(NodeTestTask.java:95) ~[junit-platform-engine-1.9.1.jar:1.9.1]
	at java.base/java.util.ArrayList.forEach(ArrayList.java:1511) ~[na:na]
	at org.junit.platform.engine.support.hierarchical.SameThreadHierarchicalTestExecutorService.invokeAll(SameThreadHierarchicalTestExecutorService.java:41) ~[junit-platform-engine-1.9.1.jar:1.9.1]
	at org.junit.platform.engine.support.hierarchical.NodeTestTask.lambda$executeRecursively$6(NodeTestTask.java:155) ~[junit-platform-engine-1.9.1.jar:1.9.1]
	at org.junit.platform.engine.support.hierarchical.ThrowableCollector.execute(ThrowableCollector.java:73) ~[junit-platform-engine-1.9.1.jar:1.9.1]
	at org.junit.platform.engine.support.hierarchical.NodeTestTask.lambda$executeRecursively$8(NodeTestTask.java:141) ~[junit-platform-engine-1.9.1.jar:1.9.1]
	at org.junit.platform.engine.support.hierarchical.Node.around(Node.java:137) ~[junit-platform-engine-1.9.1.jar:1.9.1]
	at org.junit.platform.engine.support.hierarchical.NodeTestTask.lambda$executeRecursively$9(NodeTestTask.java:139) ~[junit-platform-engine-1.9.1.jar:1.9.1]
	at org.junit.platform.engine.support.hierarchical.ThrowableCollector.execute(ThrowableCollector.java:73) ~[junit-platform-engine-1.9.1.jar:1.9.1]
	at org.junit.platform.engine.support.hierarchical.NodeTestTask.executeRecursively(NodeTestTask.java:138) ~[junit-platform-engine-1.9.1.jar:1.9.1]
	at org.junit.platform.engine.support.hierarchical.NodeTestTask.execute(NodeTestTask.java:95) ~[junit-platform-engine-1.9.1.jar:1.9.1]
	at org.junit.platform.engine.support.hierarchical.SameThreadHierarchicalTestExecutorService.submit(SameThreadHierarchicalTestExecutorService.java:35) ~[junit-platform-engine-1.9.1.jar:1.9.1]
	at org.junit.platform.engine.support.hierarchical.HierarchicalTestExecutor.execute(HierarchicalTestExecutor.java:57) ~[junit-platform-engine-1.9.1.jar:1.9.1]
	at org.junit.platform.engine.support.hierarchical.HierarchicalTestEngine.execute(HierarchicalTestEngine.java:54) ~[junit-platform-engine-1.9.1.jar:1.9.1]
	at org.junit.platform.launcher.core.EngineExecutionOrchestrator.execute(EngineExecutionOrchestrator.java:147) ~[junit-platform-launcher-1.9.1.jar:1.9.1]
	at org.junit.platform.launcher.core.EngineExecutionOrchestrator.execute(EngineExecutionOrchestrator.java:127) ~[junit-platform-launcher-1.9.1.jar:1.9.1]
	at org.junit.platform.launcher.core.EngineExecutionOrchestrator.execute(EngineExecutionOrchestrator.java:90) ~[junit-platform-launcher-1.9.1.jar:1.9.1]
	at org.junit.platform.launcher.core.EngineExecutionOrchestrator.lambda$execute$0(EngineExecutionOrchestrator.java:55) ~[junit-platform-launcher-1.9.1.jar:1.9.1]
	at org.junit.platform.launcher.core.EngineExecutionOrchestrator.withInterceptedStreams(EngineExecutionOrchestrator.java:102) ~[junit-platform-launcher-1.9.1.jar:1.9.1]
	at org.junit.platform.launcher.core.EngineExecutionOrchestrator.execute(EngineExecutionOrchestrator.java:54) ~[junit-platform-launcher-1.9.1.jar:1.9.1]
	at org.junit.platform.launcher.core.DefaultLauncher.execute(DefaultLauncher.java:114) ~[junit-platform-launcher-1.9.1.jar:1.9.1]
	at org.junit.platform.launcher.core.DefaultLauncher.execute(DefaultLauncher.java:86) ~[junit-platform-launcher-1.9.1.jar:1.9.1]
	at org.junit.platform.launcher.core.DefaultLauncherSession$DelegatingLauncher.execute(DefaultLauncherSession.java:86) ~[junit-platform-launcher-1.9.1.jar:1.9.1]
	at org.junit.platform.launcher.core.SessionPerRequestLauncher.execute(SessionPerRequestLauncher.java:53) ~[junit-platform-launcher-1.9.1.jar:1.9.1]
	at org.apache.maven.surefire.junitplatform.JUnitPlatformProvider.execute(JUnitPlatformProvider.java:188) ~[surefire-junit-platform-3.0.0-M5.jar:3.0.0-M5]
	at org.apache.maven.surefire.junitplatform.JUnitPlatformProvider.invokeAllTests(JUnitPlatformProvider.java:154) ~[surefire-junit-platform-3.0.0-M5.jar:3.0.0-M5]
	at org.apache.maven.surefire.junitplatform.JUnitPlatformProvider.invoke(JUnitPlatformProvider.java:128) ~[surefire-junit-platform-3.0.0-M5.jar:3.0.0-M5]
	at org.apache.maven.surefire.booter.ForkedBooter.runSuitesInProcess(ForkedBooter.java:428) ~[surefire-booter-3.0.0-M5.jar:3.0.0-M5]
	at org.apache.maven.surefire.booter.ForkedBooter.execute(ForkedBooter.java:162) ~[surefire-booter-3.0.0-M5.jar:3.0.0-M5]
	at org.apache.maven.surefire.booter.ForkedBooter.run(ForkedBooter.java:562) ~[surefire-booter-3.0.0-M5.jar:3.0.0-M5]
	at org.apache.maven.surefire.booter.ForkedBooter.main(ForkedBooter.java:548) ~[surefire-booter-3.0.0-M5.jar:3.0.0-M5]

Hibernate: 
    
    alter table application 
       drop 
       foreign key FKrormo68wnkb6d05vnfxw4q30c
Hibernate: 
    
    alter table application 
       drop 
       foreign key FKgv3ogwtjbb0pnstysh31bqmwn
Hibernate: 
    
    alter table application 
       drop 
       foreign key FKldca8xj6lqb3rsqawrowmkqbg
Hibernate: 
    
    alter table audit_log 
       drop 
       foreign key FKqir5ob5q1x1w30jk4j3e4p58c
Hibernate: 
    
    alter table document 
       drop 
       foreign key FK44725n9linud4cn2b1rsmavia
Hibernate: 
    
    alter table document 
       drop 
       foreign key FK885681d9krqwoy18kird62lfr
Hibernate: 
    
    alter table food_truck_vendor 
       drop 
       foreign key FK1t8y0wfs43o9x9djleaadop2e
Hibernate: 
    
    alter table inspection 
       drop 
       foreign key FK1nqhlet53filk7ux2r6ehwx8u
Hibernate: 
    
    alter table inspection 
       drop 
       foreign key FK8go7s8n2r9rb4rthpkos8nb63
Hibernate: 
    
    alter table review 
       drop 
       foreign key FKeqil1mqbskys3qm3rb71e39uv
Hibernate: 
    
    alter table review 
       drop 
       foreign key FKt58e9mdgxpl7j90ketlaosmx4
Hibernate: 
    
    drop table if exists application
Hibernate: 
    
    drop table if exists audit_log
Hibernate: 
    
    drop table if exists document
Hibernate: 
    
    drop table if exists food_truck_vendor
Hibernate: 
    
    drop table if exists inspection
Hibernate: 
    
    drop table if exists review
Hibernate: 
    
    drop table if exists user
Hibernate: 
    
    create table application (
       id binary(16) not null,
        license_expiry_date datetime(6),
        license_number varchar(255),
        rejection_comments varchar(255),
        status varchar(255),
        submission_date datetime(6),
        assigned_inspector_id bigint,
        assigned_reviewer_id bigint,
        user_id bigint not null,
        primary key (id)
    ) engine=InnoDB
Hibernate: 
    
    create table audit_log (
       id binary(16) not null,
        details varchar(2000),
        ip_address varchar(255),
        module varchar(255),
        operation varchar(255),
        timestamp datetime(6),
        user_id bigint,
        primary key (id)
    ) engine=InnoDB
Hibernate: 
    
    create table document (
       id binary(16) not null,
        file_size bigint not null,
        file_type varchar(255),
        filename varchar(255),
        storage_type varchar(255),
        upload_timestamp datetime(6),
        virus_scanned bit not null,
        application_id binary(16) not null,
        uploaded_by_user_id bigint not null,
        primary key (id)
    ) engine=InnoDB
Hibernate: 
    
    create table food_truck_vendor (
       id bigint not null auto_increment,
        cuisine_specialties varchar(255),
        menu_highlights varchar(255),
        name varchar(255),
        operating_region varchar(255),
        phone_number varchar(255),
        user_id bigint not null,
        primary key (id)
    ) engine=InnoDB
Hibernate: 
    
    create table inspection (
       id binary(16) not null,
        inspection_date datetime(6),
        notes varchar(1000),
        result varchar(255),
        application_id binary(16) not null,
        inspector_id bigint not null,
        primary key (id)
    ) engine=InnoDB
Hibernate: 
    
    create table review (
       id binary(16) not null,
        comments varchar(1000),
        review_date datetime(6),
        status varchar(255),
        application_id binary(16) not null,
        reviewer_id bigint not null,
        primary key (id)
    ) engine=InnoDB
Hibernate: 
    
    create table user (
       id bigint not null auto_increment,
        created_at datetime(6),
        email varchar(255) not null,
        password varchar(255) not null,
        role varchar(255),
        primary key (id)
    ) engine=InnoDB
Hibernate: 
    
    alter table food_truck_vendor 
       add constraint UK_tbg1at7oudihc9dbs9ptuorcv unique (user_id)
Hibernate: 
    
    alter table user 
       add constraint UK_ob8kqyqqgmefl0aco34akdtpe unique (email)
Hibernate: 
    
    alter table application 
       add constraint FKrormo68wnkb6d05vnfxw4q30c 
       foreign key (assigned_inspector_id) 
       references user (id)
Hibernate: 
    
    alter table application 
       add constraint FKgv3ogwtjbb0pnstysh31bqmwn 
       foreign key (assigned_reviewer_id) 
       references user (id)
Hibernate: 
    
    alter table application 
       add constraint FKldca8xj6lqb3rsqawrowmkqbg 
       foreign key (user_id) 
       references user (id)
Hibernate: 
    
    alter table audit_log 
       add constraint FKqir5ob5q1x1w30jk4j3e4p58c 
       foreign key (user_id) 
       references user (id)
Hibernate: 
    
    alter table document 
       add constraint FK44725n9linud4cn2b1rsmavia 
       foreign key (application_id) 
       references application (id)
Hibernate: 
    
    alter table document 
       add constraint FK885681d9krqwoy18kird62lfr 
       foreign key (uploaded_by_user_id) 
       references user (id)
Hibernate: 
    
    alter table food_truck_vendor 
       add constraint FK1t8y0wfs43o9x9djleaadop2e 
       foreign key (user_id) 
       references user (id)
Hibernate: 
    
    alter table inspection 
       add constraint FK1nqhlet53filk7ux2r6ehwx8u 
       foreign key (application_id) 
       references application (id)
Hibernate: 
    
    alter table inspection 
       add constraint FK8go7s8n2r9rb4rthpkos8nb63 
       foreign key (inspector_id) 
       references user (id)
Hibernate: 
    
    alter table review 
       add constraint FKeqil1mqbskys3qm3rb71e39uv 
       foreign key (application_id) 
       references application (id)
Hibernate: 
    
    alter table review 
       add constraint FKt58e9mdgxpl7j90ketlaosmx4 
       foreign key (reviewer_id) 
       references user (id)
2025-08-18T06:36:09.228Z  INFO 11323 --- [           main] o.h.e.t.j.p.i.JtaPlatformInitiator       : HHH000490: Using JtaPlatform implementation: [org.hibernate.engine.transaction.jta.platform.internal.NoJtaPlatform]
2025-08-18T06:36:09.236Z  INFO 11323 --- [           main] j.LocalContainerEntityManagerFactoryBean : Initialized JPA EntityManagerFactory for persistence unit 'default'
2025-08-18T06:36:09.788Z  WARN 11323 --- [           main] JpaBaseConfiguration$JpaWebConfiguration : spring.jpa.open-in-view is enabled by default. Therefore, database queries may be performed during view rendering. Explicitly configure spring.jpa.open-in-view to disable this warning
2025-08-18T06:36:10.237Z  INFO 11323 --- [           main] o.s.s.web.DefaultSecurityFilterChain     : Will secure any request with [org.springframework.security.web.session.DisableEncodeUrlFilter@3ef4a8fb, org.springframework.security.web.context.request.async.WebAsyncManagerIntegrationFilter@30f99ca1, org.springframework.security.web.context.SecurityContextHolderFilter@3e7fc07e, org.springframework.security.web.header.HeaderWriterFilter@4cc28ad0, org.springframework.web.filter.CorsFilter@edb8f0c, org.springframework.security.web.authentication.logout.LogoutFilter@1013aa94, com.examly.springapp.security.JwtRequestFilter@13cae908, org.springframework.security.web.savedrequest.RequestCacheAwareFilter@1a61f634, org.springframework.security.web.servletapi.SecurityContextHolderAwareRequestFilter@20a2930f, org.springframework.security.web.authentication.AnonymousAuthenticationFilter@6f70015, org.springframework.security.web.session.SessionManagementFilter@759c53e5, org.springframework.security.web.access.ExceptionTranslationFilter@687d31a9, org.springframework.security.web.access.intercept.AuthorizationFilter@3e0600a4]
2025-08-18T06:36:10.561Z  INFO 11323 --- [           main] o.s.b.t.m.w.SpringBootMockServletContext : Initializing Spring TestDispatcherServlet ''
2025-08-18T06:36:10.562Z  INFO 11323 --- [           main] o.s.t.web.servlet.TestDispatcherServlet  : Initializing Servlet ''
2025-08-18T06:36:10.563Z  INFO 11323 --- [           main] o.s.t.web.servlet.TestDispatcherServlet  : Completed initialization in 1 ms
2025-08-18T06:36:10.587Z  INFO 11323 --- [           main] c.e.s.SpringappFoodTruckVendorTests      : Started SpringappFoodTruckVendorTests in 4.632 seconds (process running for 5.422)
Hibernate: 
    select
        count(*) 
    from
        user u1_0
Hibernate: 
    insert 
    into
        user
        (created_at, email, password, role) 
    values
        (?, ?, ?, ?)
Hibernate: 
    insert 
    into
        user
        (created_at, email, password, role) 
    values
        (?, ?, ?, ?)
Hibernate: 
    insert 
    into
        user
        (created_at, email, password, role) 
    values
        (?, ?, ?, ?)
Hibernate: 
    insert 
    into
        user
        (created_at, email, password, role) 
    values
        (?, ?, ?, ?)
Hibernate: 
    insert 
    into
        user
        (created_at, email, password, role) 
    values
        (?, ?, ?, ?)
]]></system-out>
  </testcase>
  <testcase name="controller_testGetAllFoodTruckVendors" classname="com.examly.springapp.SpringappFoodTruckVendorTests" time="0.063">
    <failure type="java.lang.AssertionError"><![CDATA[java.lang.AssertionError: Status expected:<200> but was:<401>
	at com.examly.springapp.SpringappFoodTruckVendorTests.controller_testGetAllFoodTruckVendors(SpringappApplicationTests.java:56)
]]></failure>
    <system-out><![CDATA[
MockHttpServletRequest:
      HTTP Method = GET
      Request URI = /getAllVendors
       Parameters = {}
          Headers = [Accept:"application/json"]
             Body = null
    Session Attrs = {}

Handler:
             Type = null

Async:
    Async started = false
     Async result = null

Resolved Exception:
             Type = null

ModelAndView:
        View name = null
             View = null
            Model = null

FlashMap:
       Attributes = null

MockHttpServletResponse:
           Status = 401
    Error message = Unauthorized: Full authentication is required to access this resource
          Headers = [Vary:"Origin", "Access-Control-Request-Method", "Access-Control-Request-Headers", X-Content-Type-Options:"nosniff", X-XSS-Protection:"0", Cache-Control:"no-cache, no-store, max-age=0, must-revalidate", Pragma:"no-cache", Expires:"0", X-Frame-Options:"DENY"]
     Content type = null
             Body = 
    Forwarded URL = null
   Redirected URL = null
          Cookies = []

MockHttpServletRequest:
      HTTP Method = GET
      Request URI = /getAllVendors
       Parameters = {}
          Headers = [Accept:"application/json"]
             Body = null
    Session Attrs = {}

Handler:
             Type = null

Async:
    Async started = false
     Async result = null

Resolved Exception:
             Type = null

ModelAndView:
        View name = null
             View = null
            Model = null

FlashMap:
       Attributes = null

MockHttpServletResponse:
           Status = 401
    Error message = Unauthorized: Full authentication is required to access this resource
          Headers = [Vary:"Origin", "Access-Control-Request-Method", "Access-Control-Request-Headers", X-Content-Type-Options:"nosniff", X-XSS-Protection:"0", Cache-Control:"no-cache, no-store, max-age=0, must-revalidate", Pragma:"no-cache", Expires:"0", X-Frame-Options:"DENY"]
     Content type = null
             Body = 
    Forwarded URL = null
   Redirected URL = null
          Cookies = []
]]></system-out>
  </testcase>
  <testcase name="exception_test_InvalidOperatingRegionException_Class_Exists" classname="com.examly.springapp.SpringappFoodTruckVendorTests" time="0.003"/>
  <testcase name="service_test_Service_Directory_Exists" classname="com.examly.springapp.SpringappFoodTruckVendorTests" time="0.003"/>
  <testcase name="controller_testAddFoodTruckVendor" classname="com.examly.springapp.SpringappFoodTruckVendorTests" time="0.031">
    <failure type="java.lang.AssertionError"><![CDATA[java.lang.AssertionError: Status expected:<201> but was:<401>
	at com.examly.springapp.SpringappFoodTruckVendorTests.controller_testAddFoodTruckVendor(SpringappApplicationTests.java:34)
]]></failure>
    <system-out><![CDATA[
MockHttpServletRequest:
      HTTP Method = POST
      Request URI = /addVendor
       Parameters = {}
          Headers = [Content-Type:"application/json;charset=UTF-8", Accept:"application/json", Content-Length:"164"]
             Body = {"name": "Tasty Bites", "cuisineSpecialties": "Indian", "operatingRegion": "Chennai", "menuHighlights": "Butter Chicken, Paneer Tikka", "phoneNumber": "9876543210"}
    Session Attrs = {}

Handler:
             Type = null

Async:
    Async started = false
     Async result = null

Resolved Exception:
             Type = null

ModelAndView:
        View name = null
             View = null
            Model = null

FlashMap:
       Attributes = null

MockHttpServletResponse:
           Status = 401
    Error message = Unauthorized: Full authentication is required to access this resource
          Headers = [Vary:"Origin", "Access-Control-Request-Method", "Access-Control-Request-Headers", X-Content-Type-Options:"nosniff", X-XSS-Protection:"0", Cache-Control:"no-cache, no-store, max-age=0, must-revalidate", Pragma:"no-cache", Expires:"0", X-Frame-Options:"DENY"]
     Content type = null
             Body = 
    Forwarded URL = null
   Redirected URL = null
          Cookies = []
]]></system-out>
  </testcase>
  <testcase name="service_test_FoodTruckVendorModel_Has_phoneNumber_Field" classname="com.examly.springapp.SpringappFoodTruckVendorTests" time="0.003"/>
  <testcase name="service_test_FoodTruckvendorService_Class_Exists" classname="com.examly.springapp.SpringappFoodTruckVendorTests" time="0.003"/>
  <testcase name="exception_test_InvalidOperatingRegionException_Extends_RuntimeException" classname="com.examly.springapp.SpringappFoodTruckVendorTests" time="0.002"/>
  <testcase name="repository_test_FoodTruckVendorRepo_Extends_JpaRepository" classname="com.examly.springapp.SpringappFoodTruckVendorTests" time="0.002"/>
  <testcase name="config_test_CorsConfiguration_Has_Configuration_Annotation" classname="com.examly.springapp.SpringappFoodTruckVendorTests" time="0.004">
    <failure type="org.opentest4j.AssertionFailedError"><![CDATA[org.opentest4j.AssertionFailedError: expected: <true> but was: <false>
	at com.examly.springapp.SpringappFoodTruckVendorTests.checkClassHasAnnotation(SpringappApplicationTests.java:202)
	at com.examly.springapp.SpringappFoodTruckVendorTests.config_test_CorsConfiguration_Has_Configuration_Annotation(SpringappApplicationTests.java:151)
]]></failure>
  </testcase>
  <testcase name="exception_testAddFoodTruckVendor_InvalidOperatingRegion" classname="com.examly.springapp.SpringappFoodTruckVendorTests" time="0.005">
    <failure type="java.lang.AssertionError"><![CDATA[java.lang.AssertionError: Status expected:<400> but was:<401>
	at com.examly.springapp.SpringappFoodTruckVendorTests.exception_testAddFoodTruckVendor_InvalidOperatingRegion(SpringappApplicationTests.java:46)
]]></failure>
    <system-out><![CDATA[
MockHttpServletRequest:
      HTTP Method = POST
      Request URI = /addVendor
       Parameters = {}
          Headers = [Content-Type:"application/json;charset=UTF-8", Accept:"application/json", Content-Length:"170"]
             Body = {"name": "Tasty Bites", "cuisineSpecialties": "Indian", "operatingRegion": "InvalidRegion", "menuHighlights": "Butter Chicken, Paneer Tikka", "phoneNumber": "9876543210"}
    Session Attrs = {}

Handler:
             Type = null

Async:
    Async started = false
     Async result = null

Resolved Exception:
             Type = null

ModelAndView:
        View name = null
             View = null
            Model = null

FlashMap:
       Attributes = null

MockHttpServletResponse:
           Status = 401
    Error message = Unauthorized: Full authentication is required to access this resource
          Headers = [Vary:"Origin", "Access-Control-Request-Method", "Access-Control-Request-Headers", X-Content-Type-Options:"nosniff", X-XSS-Protection:"0", Cache-Control:"no-cache, no-store, max-age=0, must-revalidate", Pragma:"no-cache", Expires:"0", X-Frame-Options:"DENY"]
     Content type = null
             Body = 
    Forwarded URL = null
   Redirected URL = null
          Cookies = []
]]></system-out>
  </testcase>
  <testcase name="repository_test_Repository_Directory_Exists" classname="com.examly.springapp.SpringappFoodTruckVendorTests" time="0.002"/>
  <testcase name="entity_test_FoodTruckVendorModel_File_Exists" classname="com.examly.springapp.SpringappFoodTruckVendorTests" time="0.003"/>
  <testcase name="service_test_FoodTruckVendorModel_Has_menuHighlights_Field" classname="com.examly.springapp.SpringappFoodTruckVendorTests" time="0.003"/>
  <testcase name="service_test_FoodTruckVendorModel_Has_operatingRegion_Field" classname="com.examly.springapp.SpringappFoodTruckVendorTests" time="0.002"/>
  <testcase name="entity_test_Model_Directory_Exists" classname="com.examly.springapp.SpringappFoodTruckVendorTests" time="0.002"/>
  <testcase name="controller_test_FoodTruckVendorController_File_Exists" classname="com.examly.springapp.SpringappFoodTruckVendorTests" time="0.003"/>
  <testcase name="service_test_FoodTruckVendorModel_Class_Exists" classname="com.examly.springapp.SpringappFoodTruckVendorTests" time="0.003"/>
  <testcase name="service_test_FoodTruckVendorModel_Has_cuisineSpecialties_Field" classname="com.examly.springapp.SpringappFoodTruckVendorTests" time="0.003"/>
  <testcase name="config_test_CorsConfiguration_Class_Exists" classname="com.examly.springapp.SpringappFoodTruckVendorTests" time="0.002"/>
  <testcase name="service_test_FoodTruckVendorModel_Has_name_Field" classname="com.examly.springapp.SpringappFoodTruckVendorTests" time="0.002"/>
</testsuite>